<?xml version="1.0" encoding="UTF-8"?>
<testsuite name="com.persons.finder.DemoApplicationTests" tests="1" skipped="0" failures="0" errors="0" timestamp="2026-03-25T10:57:26" hostname="SEL-M9Q10WV4W9" time="0.067">
  <properties/>
  <testcase name="contextLoads()" classname="com.persons.finder.DemoApplicationTests" time="0.067"/>
  <system-out><![CDATA[19:57:25.261 [Test worker] DEBUG org.springframework.test.context.BootstrapUtils - Instantiating CacheAwareContextLoaderDelegate from class [org.springframework.test.context.cache.DefaultCacheAwareContextLoaderDelegate]
19:57:25.264 [Test worker] DEBUG org.springframework.test.context.BootstrapUtils - Instantiating BootstrapContext using constructor [public org.springframework.test.context.support.DefaultBootstrapContext(java.lang.Class,org.springframework.test.context.CacheAwareContextLoaderDelegate)]
19:57:25.273 [Test worker] DEBUG org.springframework.test.context.BootstrapUtils - Instantiating TestContextBootstrapper for test class [com.persons.finder.DemoApplicationTests] from class [org.springframework.boot.test.context.SpringBootTestContextBootstrapper]
19:57:25.276 [Test worker] INFO org.springframework.boot.test.context.SpringBootTestContextBootstrapper - Neither @ContextConfiguration nor @ContextHierarchy found for test class [com.persons.finder.DemoApplicationTests], using SpringBootContextLoader
19:57:25.277 [Test worker] DEBUG org.springframework.test.context.support.AbstractContextLoader - Did not detect default resource location for test class [com.persons.finder.DemoApplicationTests]: class path resource [com/persons/finder/DemoApplicationTests-context.xml] does not exist
19:57:25.277 [Test worker] DEBUG org.springframework.test.context.support.AbstractContextLoader - Did not detect default resource location for test class [com.persons.finder.DemoApplicationTests]: class path resource [com/persons/finder/DemoApplicationTestsContext.groovy] does not exist
19:57:25.277 [Test worker] INFO org.springframework.test.context.support.AbstractContextLoader - Could not detect default resource locations for test class [com.persons.finder.DemoApplicationTests]: no resource found for suffixes {-context.xml, Context.groovy}.
19:57:25.277 [Test worker] INFO org.springframework.test.context.support.AnnotationConfigContextLoaderUtils - Could not detect default configuration classes for test class [com.persons.finder.DemoApplicationTests]: DemoApplicationTests does not declare any static, non-private, non-final, nested classes annotated with @Configuration.
19:57:25.288 [Test worker] DEBUG org.springframework.test.context.support.ActiveProfilesUtils - Could not find an 'annotation declaring class' for annotation type [org.springframework.test.context.ActiveProfiles] and class [com.persons.finder.DemoApplicationTests]
19:57:25.304 [Test worker] DEBUG org.springframework.context.annotation.ClassPathScanningCandidateComponentProvider - Identified candidate component class: file [/Users/stuartburmeister/Documents/personal/persons-finder-main/build/classes/kotlin/main/com/persons/finder/ApplicationStarter.class]
19:57:25.305 [Test worker] INFO org.springframework.boot.test.context.SpringBootTestContextBootstrapper - Found @SpringBootConfiguration com.persons.finder.ApplicationStarter for test class com.persons.finder.DemoApplicationTests
19:57:25.326 [Test worker] DEBUG org.springframework.boot.test.context.SpringBootTestContextBootstrapper - @TestExecutionListeners is not present for class [com.persons.finder.DemoApplicationTests]: using defaults.
19:57:25.326 [Test worker] INFO org.springframework.boot.test.context.SpringBootTestContextBootstrapper - Loaded default TestExecutionListener class names from location [META-INF/spring.factories]: [org.springframework.boot.test.autoconfigure.restdocs.RestDocsTestExecutionListener, org.springframework.boot.test.autoconfigure.web.client.MockRestServiceServerResetTestExecutionListener, org.springframework.boot.test.autoconfigure.web.servlet.MockMvcPrintOnlyOnFailureTestExecutionListener, org.springframework.boot.test.autoconfigure.web.servlet.WebDriverTestExecutionListener, org.springframework.boot.test.autoconfigure.webservices.client.MockWebServiceServerTestExecutionListener, org.springframework.boot.test.mock.mockito.MockitoTestExecutionListener, org.springframework.boot.test.mock.mockito.ResetMocksTestExecutionListener, org.springframework.test.context.web.ServletTestExecutionListener, org.springframework.test.context.support.DirtiesContextBeforeModesTestExecutionListener, org.springframework.test.context.event.ApplicationEventsTestExecutionListener, org.springframework.test.context.support.DependencyInjectionTestExecutionListener, org.springframework.test.context.support.DirtiesContextTestExecutionListener, org.springframework.test.context.transaction.TransactionalTestExecutionListener, org.springframework.test.context.jdbc.SqlScriptsTestExecutionListener, org.springframework.test.context.event.EventPublishingTestExecutionListener]
19:57:25.330 [Test worker] INFO org.springframework.boot.test.context.SpringBootTestContextBootstrapper - Using TestExecutionListeners: [org.springframework.test.context.web.ServletTestExecutionListener@53f48368, org.springframework.test.context.support.DirtiesContextBeforeModesTestExecutionListener@24d4d7c9, org.springframework.test.context.event.ApplicationEventsTestExecutionListener@f0e995e, org.springframework.boot.test.mock.mockito.MockitoTestExecutionListener@4c37b5b, org.springframework.boot.test.autoconfigure.SpringBootDependencyInjectionTestExecutionListener@73db4768, org.springframework.test.context.support.DirtiesContextTestExecutionListener@71b3bc45, org.springframework.test.context.transaction.TransactionalTestExecutionListener@a8c1f44, org.springframework.test.context.jdbc.SqlScriptsTestExecutionListener@150ab4ed, org.springframework.test.context.event.EventPublishingTestExecutionListener@3c435123, org.springframework.boot.test.autoconfigure.restdocs.RestDocsTestExecutionListener@50fe837a, org.springframework.boot.test.autoconfigure.web.client.MockRestServiceServerResetTestExecutionListener@3a62c01e, org.springframework.boot.test.autoconfigure.web.servlet.MockMvcPrintOnlyOnFailureTestExecutionListener@7a8fa663, org.springframework.boot.test.autoconfigure.web.servlet.WebDriverTestExecutionListener@5ce33a58, org.springframework.boot.test.autoconfigure.webservices.client.MockWebServiceServerTestExecutionListener@78a287ed, org.springframework.boot.test.mock.mockito.ResetMocksTestExecutionListener@546ccad7]
19:57:25.330 [Test worker] DEBUG org.springframework.test.context.support.AbstractDirtiesContextTestExecutionListener - Before test class: context [DefaultTestContext@553f1d75 testClass = DemoApplicationTests, testInstance = [null], testMethod = [null], testException = [null], mergedContextConfiguration = [WebMergedContextConfiguration@6e1d8f9e testClass = DemoApplicationTests, locations = '{}', classes = '{class com.persons.finder.ApplicationStarter}', contextInitializerClasses = '[]', activeProfiles = '{}', propertySourceLocations = '{}', propertySourceProperties = '{org.springframework.boot.test.context.SpringBootTestContextBootstrapper=true}', contextCustomizers = set[org.springframework.boot.test.autoconfigure.actuate.metrics.MetricsExportContextCustomizerFactory$DisableMetricExportContextCustomizer@62010f5c, org.springframework.boot.test.autoconfigure.properties.PropertyMappingContextCustomizer@0, org.springframework.boot.test.autoconfigure.web.servlet.WebDriverContextCustomizerFactory$Customizer@1fc32e4f, org.springframework.boot.test.context.filter.ExcludeFilterContextCustomizer@7efaad5a, org.springframework.boot.test.json.DuplicateJsonObjectContextCustomizerFactory$DuplicateJsonObjectContextCustomizer@416c58f5, org.springframework.boot.test.mock.mockito.MockitoContextCustomizer@0, org.springframework.boot.test.web.client.TestRestTemplateContextCustomizer@6ccdb29f, org.springframework.boot.test.context.SpringBootTestArgs@1, org.springframework.boot.test.context.SpringBootTestWebEnvironment@2f465398], resourceBasePath = 'src/main/webapp', contextLoader = 'org.springframework.boot.test.context.SpringBootContextLoader', parent = [null]], attributes = map['org.springframework.test.context.web.ServletTestExecutionListener.activateListener' -> true]], class annotated with @DirtiesContext [false] with mode [null].

  .   ____          _            __ _ _
 /\\ / ___'_ __ _ _(_)_ __  __ _ \ \ \ \
( ( )\___ | '_ | '_| | '_ \/ _` | \ \ \ \
 \\/  ___)| |_)| | | | | || (_| |  ) ) ) )
  '  |____| .__|_| |_|_| |_\__, | / / / /
 =========|_|==============|___/=/_/_/_/
 :: Spring Boot ::                (v2.7.0)

2026-03-25 19:57:25.413  INFO 95084 --- [    Test worker] com.persons.finder.DemoApplicationTests  : Starting DemoApplicationTests using Java 17.0.12 on SEL-M9Q10WV4W9 with PID 95084 (started by stuartburmeister in /Users/stuartburmeister/Documents/personal/persons-finder-main)
2026-03-25 19:57:25.414  INFO 95084 --- [    Test worker] com.persons.finder.DemoApplicationTests  : No active profile set, falling back to 1 default profile: "default"
2026-03-25 19:57:25.582  INFO 95084 --- [    Test worker] .s.d.r.c.RepositoryConfigurationDelegate : Bootstrapping Spring Data JPA repositories in DEFAULT mode.
2026-03-25 19:57:25.587  INFO 95084 --- [    Test worker] .s.d.r.c.RepositoryConfigurationDelegate : Finished Spring Data repository scanning in 2 ms. Found 0 JPA repository interfaces.
2026-03-25 19:57:25.709  INFO 95084 --- [    Test worker] com.zaxxer.hikari.HikariDataSource       : HikariPool-1 - Starting...
2026-03-25 19:57:25.761  INFO 95084 --- [    Test worker] com.zaxxer.hikari.HikariDataSource       : HikariPool-1 - Start completed.
2026-03-25 19:57:25.780  INFO 95084 --- [    Test worker] o.hibernate.jpa.internal.util.LogHelper  : HHH000204: Processing PersistenceUnitInfo [name: default]
2026-03-25 19:57:25.792  INFO 95084 --- [    Test worker] org.hibernate.Version                    : HHH000412: Hibernate ORM core version 5.6.9.Final
2026-03-25 19:57:25.836  INFO 95084 --- [    Test worker] o.hibernate.annotations.common.Version   : HCANN000001: Hibernate Commons Annotations {5.1.2.Final}
2026-03-25 19:57:25.869  INFO 95084 --- [    Test worker] org.hibernate.dialect.Dialect            : HHH000400: Using dialect: org.hibernate.dialect.H2Dialect
2026-03-25 19:57:25.923  INFO 95084 --- [    Test worker] o.h.e.t.j.p.i.JtaPlatformInitiator       : HHH000490: Using JtaPlatform implementation: [org.hibernate.engine.transaction.jta.platform.internal.NoJtaPlatform]
2026-03-25 19:57:25.926  INFO 95084 --- [    Test worker] j.LocalContainerEntityManagerFactoryBean : Initialized JPA EntityManagerFactory for persistence unit 'default'
2026-03-25 19:57:26.074  WARN 95084 --- [    Test worker] JpaBaseConfiguration$JpaWebConfiguration : spring.jpa.open-in-view is enabled by default. Therefore, database queries may be performed during view rendering. Explicitly configure spring.jpa.open-in-view to disable this warning
2026-03-25 19:57:26.208  INFO 95084 --- [    Test worker] com.persons.finder.DemoApplicationTests  : Started DemoApplicationTests in 0.868 seconds (JVM running for 1.216)
]]></system-out>
  <system-err><![CDATA[]]></system-err>
</testsuite>
